app/manifest-merger-release-report.txt
-- Merging decision tree log ---
manifest
ADDED from AndroidManifest.xml:2:1
	package
		ADDED from AndroidManifest.xml:3:5
		INJECTED from AndroidManifest.xml:0:0
		INJECTED from AndroidManifest.xml:0:0
	android:versionName
		INJECTED from AndroidManifest.xml:0:0
		INJECTED from AndroidManifest.xml:0:0
	xmlns:android
		ADDED from AndroidManifest.xml:2:11
	android:versionCode
		INJECTED from AndroidManifest.xml:0:0
		INJECTED from AndroidManifest.xml:0:0
	android:installLocation
		ADDED from AndroidManifest.xml:4:5
uses-permission#android.permission.ACCESS_NETWORK_STATE
ADDED from AndroidManifest.xml:6:5
	android:name
		ADDED from AndroidManifest.xml:6:22
uses-permission#android.permission.INTERNET
ADDED from AndroidManifest.xml:7:5
	android:name
		ADDED from AndroidManifest.xml:7:22
uses-permission#android.permission.WRITE_EXTERNAL_STORAGE
ADDED from AndroidManifest.xml:8:5
	android:name
		ADDED from AndroidManifest.xml:8:22
application
ADDED from AndroidManifest.xml:10:5
MERGED from com.embarkmobile:zxing-android-minimal:2.0.0:44:3
MERGED from com.embarkmobile:zxing-android-legacy:2.0.0:43:3
MERGED from com.embarkmobile:zxing-android-integration:2.0.0:4:5
MERGED from com.badoo.mobile:android-weak-handler:1.0:12:5
	android:label
		ADDED from AndroidManifest.xml:13:9
	android:allowBackup
		ADDED from AndroidManifest.xml:11:9
	android:icon
		ADDED from AndroidManifest.xml:12:9
	android:theme
		ADDED from AndroidManifest.xml:14:9
activity#com.radioline.master.myapplication.FirstGroupActivity
ADDED from AndroidManifest.xml:15:9
	android:label
		ADDED from AndroidManifest.xml:18:13
	android:name
		ADDED from AndroidManifest.xml:16:13
meta-data#android.support.PARENT_ACTIVITY
ADDED from AndroidManifest.xml:19:13
	android:value
		ADDED from AndroidManifest.xml:21:17
	android:name
		ADDED from AndroidManifest.xml:20:17
activity#com.radioline.master.myapplication.SecondGroupActivity
ADDED from AndroidManifest.xml:23:9
	android:label
		ADDED from AndroidManifest.xml:25:13
	android:parentActivityName
		ADDED from AndroidManifest.xml:26:13
	android:name
		ADDED from AndroidManifest.xml:24:13
activity#com.radioline.master.myapplication.ItemActivity
ADDED from AndroidManifest.xml:31:9
	android:label
		ADDED from AndroidManifest.xml:33:13
	android:parentActivityName
		ADDED from AndroidManifest.xml:34:13
	android:name
		ADDED from AndroidManifest.xml:32:13
activity#com.radioline.master.myapplication.PicActivity
ADDED from AndroidManifest.xml:39:9
	android:label
		ADDED from AndroidManifest.xml:41:13
	android:parentActivityName
		ADDED from AndroidManifest.xml:42:13
	android:name
		ADDED from AndroidManifest.xml:40:13
activity#com.radioline.master.myapplication.ScanActivity
ADDED from AndroidManifest.xml:47:9
	android:label
		ADDED from AndroidManifest.xml:50:13
	android:icon
		ADDED from AndroidManifest.xml:49:13
	android:name
		ADDED from AndroidManifest.xml:48:13
activity#com.radioline.master.myapplication.BasketActivity
ADDED from AndroidManifest.xml:51:9
	android:label
		ADDED from AndroidManifest.xml:53:13
	android:name
		ADDED from AndroidManifest.xml:52:13
activity#com.radioline.master.myapplication.DispatchActivity
ADDED from AndroidManifest.xml:54:9
	android:label
		ADDED from AndroidManifest.xml:57:13
	android:parentActivityName
		ADDED from AndroidManifest.xml:58:13
	android:icon
		ADDED from AndroidManifest.xml:56:13
	android:name
		ADDED from AndroidManifest.xml:55:13
activity#com.radioline.master.myapplication.SearchActivity
ADDED from AndroidManifest.xml:63:9
	android:label
		ADDED from AndroidManifest.xml:66:13
	android:icon
		ADDED from AndroidManifest.xml:65:13
	android:name
		ADDED from AndroidManifest.xml:64:13
activity#com.radioline.master.myapplication.LoginActivity
ADDED from AndroidManifest.xml:67:9
	android:label
		ADDED from AndroidManifest.xml:69:13
	android:name
		ADDED from AndroidManifest.xml:68:13
intent-filter#android.intent.action.MAIN+android.intent.category.LAUNCHER
ADDED from AndroidManifest.xml:70:13
action#android.intent.action.MAIN
ADDED from AndroidManifest.xml:71:17
	android:name
		ADDED from AndroidManifest.xml:71:25
category#android.intent.category.LAUNCHER
ADDED from AndroidManifest.xml:73:17
	android:name
		ADDED from AndroidManifest.xml:73:27
uses-sdk
INJECTED from AndroidManifest.xml:0:0 reason: use-sdk injection requested
MERGED from com.embarkmobile:zxing-android-minimal:2.0.0:24:3
MERGED from com.embarkmobile:zxing-android-legacy:2.0.0:23:3
MERGED from com.embarkmobile:zxing-android-integration:2.0.0:2:5
MERGED from com.badoo.mobile:android-weak-handler:1.0:8:5
	android:targetSdkVersion
		INJECTED from AndroidManifest.xml:0:0
		INJECTED from AndroidManifest.xml:0:0
	android:minSdkVersion
		INJECTED from AndroidManifest.xml:0:0
		INJECTED from AndroidManifest.xml:0:0
uses-permission#android.permission.CAMERA
ADDED from com.embarkmobile:zxing-android-minimal:2.0.0:19:3
MERGED from com.embarkmobile:zxing-android-legacy:2.0.0:19:3
	android:name
		ADDED from com.embarkmobile:zxing-android-minimal:2.0.0:19:20
uses-permission#android.permission.VIBRATE
ADDED from com.embarkmobile:zxing-android-minimal:2.0.0:20:3
MERGED from com.embarkmobile:zxing-android-legacy:2.0.0:20:3
	android:name
		ADDED from com.embarkmobile:zxing-android-minimal:2.0.0:20:20
uses-permission#android.permission.FLASHLIGHT
ADDED from com.embarkmobile:zxing-android-minimal:2.0.0:21:3
MERGED from com.embarkmobile:zxing-android-legacy:2.0.0:21:3
	android:name
		ADDED from com.embarkmobile:zxing-android-minimal:2.0.0:21:20
uses-feature#android.hardware.camera
ADDED from com.embarkmobile:zxing-android-minimal:2.0.0:27:3
MERGED from com.embarkmobile:zxing-android-legacy:2.0.0:26:3
	android:required
		ADDED from com.embarkmobile:zxing-android-minimal:2.0.0:27:56
	android:name
		ADDED from com.embarkmobile:zxing-android-minimal:2.0.0:27:17
uses-feature#android.hardware.camera.front
ADDED from com.embarkmobile:zxing-android-minimal:2.0.0:28:3
MERGED from com.embarkmobile:zxing-android-legacy:2.0.0:27:3
	android:required
		ADDED from com.embarkmobile:zxing-android-minimal:2.0.0:28:62
	android:name
		ADDED from com.embarkmobile:zxing-android-minimal:2.0.0:28:17
uses-feature#android.hardware.camera.autofocus
ADDED from com.embarkmobile:zxing-android-minimal:2.0.0:31:3
MERGED from com.embarkmobile:zxing-android-legacy:2.0.0:30:3
	android:required
		ADDED from com.embarkmobile:zxing-android-minimal:2.0.0:31:66
	android:name
		ADDED from com.embarkmobile:zxing-android-minimal:2.0.0:31:17
uses-feature#android.hardware.camera.flash
ADDED from com.embarkmobile:zxing-android-minimal:2.0.0:32:3
MERGED from com.embarkmobile:zxing-android-legacy:2.0.0:31:3
	android:required
		ADDED from com.embarkmobile:zxing-android-minimal:2.0.0:32:62
	android:name
		ADDED from com.embarkmobile:zxing-android-minimal:2.0.0:32:17
uses-feature#android.hardware.screen.landscape
ADDED from com.embarkmobile:zxing-android-minimal:2.0.0:33:3
MERGED from com.embarkmobile:zxing-android-legacy:2.0.0:32:3
	android:required
		ADDED from com.embarkmobile:zxing-android-minimal:2.0.0:33:66
	android:name
		ADDED from com.embarkmobile:zxing-android-minimal:2.0.0:33:17
uses-feature#android.hardware.wifi
ADDED from com.embarkmobile:zxing-android-minimal:2.0.0:34:3
MERGED from com.embarkmobile:zxing-android-legacy:2.0.0:33:3
	android:required
		ADDED from com.embarkmobile:zxing-android-minimal:2.0.0:34:54
	android:name
		ADDED from com.embarkmobile:zxing-android-minimal:2.0.0:34:17
supports-screens
ADDED from com.embarkmobile:zxing-android-minimal:2.0.0:38:3
MERGED from com.embarkmobile:zxing-android-legacy:2.0.0:37:3
	android:largeScreens
		ADDED from com.embarkmobile:zxing-android-minimal:2.0.0:39:21
	android:smallScreens
		ADDED from com.embarkmobile:zxing-android-minimal:2.0.0:41:21
	android:normalScreens
		ADDED from com.embarkmobile:zxing-android-minimal:2.0.0:40:21
	android:xlargeScreens
		ADDED from com.embarkmobile:zxing-android-minimal:2.0.0:38:21
	android:anyDensity
		ADDED from com.embarkmobile:zxing-android-minimal:2.0.0:42:21
activity#com.google.zxing.client.android.CaptureActivity
ADDED from com.embarkmobile:zxing-android-minimal:2.0.0:45:7
	android:clearTaskOnLaunch
		ADDED from com.embarkmobile:zxing-android-minimal:2.0.0:46:17
	android:screenOrientation
		ADDED from com.embarkmobile:zxing-android-minimal:2.0.0:47:17
	android:stateNotNeeded
		ADDED from com.embarkmobile:zxing-android-minimal:2.0.0:48:17
	android:windowSoftInputMode
		ADDED from com.embarkmobile:zxing-android-minimal:2.0.0:50:17
	android:theme
		ADDED from com.embarkmobile:zxing-android-minimal:2.0.0:49:17
	android:name
		ADDED from com.embarkmobile:zxing-android-minimal:2.0.0:45:17
activity#com.google.zxing.client.android.HelpActivity
ADDED from com.embarkmobile:zxing-android-minimal:2.0.0:51:7
	android:screenOrientation
		ADDED from com.embarkmobile:zxing-android-minimal:2.0.0:53:17
	android:label
		ADDED from com.embarkmobile:zxing-android-minimal:2.0.0:52:17
	android:stateNotNeeded
		ADDED from com.embarkmobile:zxing-android-minimal:2.0.0:54:17
	android:name
		ADDED from com.embarkmobile:zxing-android-minimal:2.0.0:51:17
activity#com.google.zxing.client.android.encode.EncodeActivity
ADDED from com.embarkmobile:zxing-android-minimal:2.0.0:55:7
	android:screenOrientation
		ADDED from com.embarkmobile:zxing-android-minimal:2.0.0:56:17
	android:name
		ADDED from com.embarkmobile:zxing-android-minimal:2.0.0:55:17
activity#com.google.zxing.client.androidlegacy.CaptureActivity
ADDED from com.embarkmobile:zxing-android-legacy:2.0.0:44:7
	android:clearTaskOnLaunch
		ADDED from com.embarkmobile:zxing-android-legacy:2.0.0:44:17
	android:screenOrientation
		ADDED from com.embarkmobile:zxing-android-legacy:2.0.0:44:133
	android:stateNotNeeded
		ADDED from com.embarkmobile:zxing-android-legacy:2.0.0:44:171
	android:windowSoftInputMode
		ADDED from com.embarkmobile:zxing-android-legacy:2.0.0:44:260
	android:configChanges
		ADDED from com.embarkmobile:zxing-android-legacy:2.0.0:44:50
	android:theme
		ADDED from com.embarkmobile:zxing-android-legacy:2.0.0:44:201
	android:name
		ADDED from com.embarkmobile:zxing-android-legacy:2.0.0:44:101
activity#com.google.zxing.client.androidlegacy.HelpActivity
ADDED from com.embarkmobile:zxing-android-legacy:2.0.0:45:7
	android:screenOrientation
		ADDED from com.embarkmobile:zxing-android-legacy:2.0.0:45:46
	android:name
		ADDED from com.embarkmobile:zxing-android-legacy:2.0.0:45:17
activity#com.google.zxing.client.androidlegacy.encode.EncodeActivity
ADDED from com.embarkmobile:zxing-android-legacy:2.0.0:46:7
	android:screenOrientation
		ADDED from com.embarkmobile:zxing-android-legacy:2.0.0:46:55
	android:name
		ADDED from com.embarkmobile:zxing-android-legacy:2.0.0:46:17